<?xml version="1.0" encoding="UTF-8"?>
<!-- Generated by org.testng.reporters.JUnitXMLReporter -->
<testsuite ignored="0" hostname="f0dc448ef96b" failures="1" tests="2" name="Test" time="48.341" errors="0" timestamp="2024-02-13T12:07:13 GMT">
  <testcase classname="io.cucumber.testng.AbstractTestNGCucumberTests" name="runScenario" time="26.176">
    <failure type="java.lang.AssertionError" message="expected [true] but found [false]">
      <![CDATA[java.lang.AssertionError: expected [true] but found [false]
at executions.Homepagesteps.page_title_should_contains(Homepagesteps.java:30)
at âœ½.page title should contains "Shoppping"(classpath:Executions/Homepage.feature:6)
... Removed 4 stack frames]]>
    </failure>
  </testcase> <!-- runScenario -->
  <testcase classname="io.cucumber.testng.AbstractTestNGCucumberTests" name="runScenario" time="9.647"/>
</testsuite> <!-- Test -->
