<?xml version="1.0" encoding="UTF-8"?>
<!-- Generated by org.testng.reporters.JUnitReportReporter -->
<testsuite hostname="f0dc448ef96b" failures="1" tests="2" name="executions.amazonrunner" time="35.823" errors="0" timestamp="2024-02-13T12:07:14 GMT" skipped="0">
  <testcase classname="executions.amazonrunner" name="runScenario" time="9.647"/>
  <system-out/>
  <testcase classname="executions.amazonrunner" name="runScenario" time="26.176">
    <failure message="expected [true] but found [false]" type="java.lang.AssertionError">
      <![CDATA[java.lang.AssertionError: expected [true] but found [false]
at org.testng.Assert.fail(Assert.java:110)
at org.testng.Assert.failNotEquals(Assert.java:1577)
at org.testng.Assert.assertTrue(Assert.java:56)
at org.testng.Assert.assertTrue(Assert.java:66)
at executions.Homepagesteps.page_title_should_contains(Homepagesteps.java:30)
at âœ½.page title should contains "Shoppping"(classpath:Executions/Homepage.feature:6)
]]>
    </failure>
  </testcase> <!-- runScenario -->
  <system-out/>
</testsuite> <!-- executions.amazonrunner -->
